Using pre-set license
Built from '2020.3/release' branch; Version is '2020.3.7f1 (dd97f2c94397) revision 14522354'; Using compiler version '192528614'; Build Type 'Release'
OS: 'Windows 10 Pro; OS build 19042.1110; Version 2009; 64bit' Language: 'de' Physical Memory: 16311 MB
BatchMode: 1, IsHumanControllingUs: 0, StartBugReporterOnCrash: 0, Is64bit: 1, IsPro: 0

 COMMAND LINE ARGUMENTS:
F:\Programme\2020.3.7f1\Editor\Unity.exe
-adb2
-batchMode
-noUpm
-name
AssetImportWorker2
-projectPath
E:/GitHub/TrainServiceSimulation_DR-Absolut_SS2021/TrainServiceSimulation_DR-Absolut_SS2021
-logFile
Logs/AssetImportWorker2.log
-srvPort
58299
Successfully changed project path to: E:/GitHub/TrainServiceSimulation_DR-Absolut_SS2021/TrainServiceSimulation_DR-Absolut_SS2021
E:/GitHub/TrainServiceSimulation_DR-Absolut_SS2021/TrainServiceSimulation_DR-Absolut_SS2021
Using Asset Import Pipeline V2.
Refreshing native plugins compatible for Editor in 61.43 ms, found 3 plugins.
Preloading 1 native plugins for Editor in 1.37 ms.
Initialize engine version: 2020.3.7f1 (dd97f2c94397)
[Subsystems] Discovering subsystems at path F:/Programme/2020.3.7f1/Editor/Data/Resources/UnitySubsystems
[Subsystems] Discovering subsystems at path E:/GitHub/TrainServiceSimulation_DR-Absolut_SS2021/TrainServiceSimulation_DR-Absolut_SS2021/Assets
GfxDevice: creating device client; threaded=0
Direct3D:
    Version:  Direct3D 11.0 [level 11.1]
    Renderer: NVIDIA GeForce GTX 1080 (ID=0x1b80)
    Vendor:   
    VRAM:     8079 MB
    Driver:   30.0.14.7141
Initialize mono
Mono path[0] = 'F:/Programme/2020.3.7f1/Editor/Data/Managed'
Mono path[1] = 'F:/Programme/2020.3.7f1/Editor/Data/MonoBleedingEdge/lib/mono/unityjit'
Mono config path = 'F:/Programme/2020.3.7f1/Editor/Data/MonoBleedingEdge/etc'
Using monoOptions --debugger-agent=transport=dt_socket,embedding=1,server=y,suspend=n,address=127.0.0.1:56080
Begin MonoManager ReloadAssembly
Registering precompiled unity dll's ...
Register platform support module: F:/Programme/2020.3.7f1/Editor/Data/PlaybackEngines/WebGLSupport/UnityEditor.WebGL.Extensions.dll
Register platform support module: F:/Programme/2020.3.7f1/Editor/Data/PlaybackEngines/WindowsStandaloneSupport/UnityEditor.WindowsStandalone.Extensions.dll
Registered in 0.006902 seconds.
Native extension for WindowsStandalone target not found
Native extension for WebGL target not found
Refreshing native plugins compatible for Editor in 61.50 ms, found 3 plugins.
Preloading 1 native plugins for Editor in 0.11 ms.
Mono: successfully reloaded assembly
- Completed reload, in 24.013 seconds
Platform modules already initialized, skipping
Registering precompiled user dll's ...
Registered in 0.002385 seconds.
Begin MonoManager ReloadAssembly
Native extension for WindowsStandalone target not found
Native extension for WebGL target not found
Refreshing native plugins compatible for Editor in 55.84 ms, found 3 plugins.
Preloading 1 native plugins for Editor in 0.11 ms.
NullReferenceException: Object reference not set to an instance of an object
  at Unity.XR.Oculus.OculusLoader.AssetPathToAbsolutePath (System.String assetPath) [0x0004c] in E:\GitHub\TrainServiceSimulation_DR-Absolut_SS2021\TrainServiceSimulation_DR-Absolut_SS2021\Library\PackageCache\com.unity.xr.oculus@1.9.1\Runtime\OculusLoader.cs:249 
  at Unity.XR.Oculus.OculusLoader.EditorLoadOVRPlugin () [0x000b0] in E:\GitHub\TrainServiceSimulation_DR-Absolut_SS2021\TrainServiceSimulation_DR-Absolut_SS2021\Library\PackageCache\com.unity.xr.oculus@1.9.1\Runtime\OculusLoader.cs:234 

(Filename: Library/PackageCache/com.unity.xr.oculus@1.9.1/Runtime/OculusLoader.cs Line: 249)

Mono: successfully reloaded assembly
- Completed reload, in  1.482 seconds
Platform modules already initialized, skipping
========================================================================
Worker process is ready to serve import requests
Launched and connected shader compiler UnityShaderCompiler.exe after 0.12 seconds
Refreshing native plugins compatible for Editor in 0.70 ms, found 3 plugins.
Preloading 1 native plugins for Editor in 25.16 ms.
Unloading 2550 Unused Serialized files (Serialized files now loaded: 0)
System memory in use before: 106.9 MB.
System memory in use after: 107.0 MB.

Unloading 14 unused Assets to reduce memory usage. Loaded Objects now: 3003.
Total: 3.110100 ms (FindLiveObjects: 0.358900 ms CreateObjectMapping: 0.076500 ms MarkObjects: 2.512600 ms  DeleteObjects: 0.160800 ms)

========================================================================
Received Import Request.
  path: Assets/Prefabs/Train/Wagons/TrainBack.prefab
  artifactKey: Guid(8e8644c1e4397b24dad8d45315bafaa7) Importer(815301076,1909f56bfc062723c751e8b465ee728b)
Start importing Assets/Prefabs/Train/Wagons/TrainBack.prefab using Guid(8e8644c1e4397b24dad8d45315bafaa7) Importer(815301076,1909f56bfc062723c751e8b465ee728b)  -> (artifact id: '387ee3e97920466929919ab79aace521') in 0.194243 seconds
  Import took 0.199289 seconds .

========================================================================
Received Import Request.
  Time since last request: 270.913800 seconds.
  path: Assets/Prefabs/Train/Wagons/TrainBack.prefab
  artifactKey: Guid(8e8644c1e4397b24dad8d45315bafaa7) Importer(815301076,1909f56bfc062723c751e8b465ee728b)
Start importing Assets/Prefabs/Train/Wagons/TrainBack.prefab using Guid(8e8644c1e4397b24dad8d45315bafaa7) Importer(815301076,1909f56bfc062723c751e8b465ee728b)  -> (artifact id: '585f3a4baa960901691809a377dd1b38') in 0.021158 seconds
  Import took 0.026082 seconds .

========================================================================
Received Import Request.
  Time since last request: 0.004719 seconds.
  path: Assets/Prefabs/Train/Wagons/TrainBack.prefab
  artifactKey: Guid(8e8644c1e4397b24dad8d45315bafaa7) Importer(815301076,1909f56bfc062723c751e8b465ee728b)
Start importing Assets/Prefabs/Train/Wagons/TrainBack.prefab using Guid(8e8644c1e4397b24dad8d45315bafaa7) Importer(815301076,1909f56bfc062723c751e8b465ee728b)  -> (artifact id: '585f3a4baa960901691809a377dd1b38') in 0.009834 seconds
  Import took 0.014228 seconds .

========================================================================
Received Import Request.
  Time since last request: 6.107063 seconds.
  path: Assets/Prefabs/Train/Trains/Train3.prefab
  artifactKey: Guid(416563fbe2dcb8d4281e60f7b4735f4d) Importer(815301076,1909f56bfc062723c751e8b465ee728b)
Start importing Assets/Prefabs/Train/Trains/Train3.prefab using Guid(416563fbe2dcb8d4281e60f7b4735f4d) Importer(815301076,1909f56bfc062723c751e8b465ee728b)  -> (artifact id: '75366b8c512c4e12e81b47e6cea9604c') in 0.047005 seconds
  Import took 0.052041 seconds .

========================================================================
Received Import Request.
  Time since last request: 32.940851 seconds.
  path: Assets/Prefabs/Train/Trains/Train3.prefab
  artifactKey: Guid(416563fbe2dcb8d4281e60f7b4735f4d) Importer(815301076,1909f56bfc062723c751e8b465ee728b)
Start importing Assets/Prefabs/Train/Trains/Train3.prefab using Guid(416563fbe2dcb8d4281e60f7b4735f4d) Importer(815301076,1909f56bfc062723c751e8b465ee728b)  -> (artifact id: '7dae252bf028fa111a072c3a64c968c9') in 0.025082 seconds
  Import took 0.029853 seconds .

========================================================================
Received Import Request.
  Time since last request: 0.000961 seconds.
  path: Assets/Prefabs/Train/Trains/Train3.prefab
  artifactKey: Guid(416563fbe2dcb8d4281e60f7b4735f4d) Importer(815301076,1909f56bfc062723c751e8b465ee728b)
Start importing Assets/Prefabs/Train/Trains/Train3.prefab using Guid(416563fbe2dcb8d4281e60f7b4735f4d) Importer(815301076,1909f56bfc062723c751e8b465ee728b)  -> (artifact id: '7dae252bf028fa111a072c3a64c968c9') in 0.017363 seconds
  Import took 0.021888 seconds .

========================================================================
Received Import Request.
  Time since last request: 42.138442 seconds.
  path: Assets/Prefabs/Train/Trains/Train4.prefab
  artifactKey: Guid(168d927cb29fbce4e80a9cfa0ce63a21) Importer(815301076,1909f56bfc062723c751e8b465ee728b)
Start importing Assets/Prefabs/Train/Trains/Train4.prefab using Guid(168d927cb29fbce4e80a9cfa0ce63a21) Importer(815301076,1909f56bfc062723c751e8b465ee728b)  -> (artifact id: 'd740f334caf76570c5cc8f66eb6d98fe') in 0.022867 seconds
  Import took 0.027772 seconds .

========================================================================
Received Import Request.
  Time since last request: 0.003196 seconds.
  path: Assets/Prefabs/Train/Trains/Train4.prefab
  artifactKey: Guid(168d927cb29fbce4e80a9cfa0ce63a21) Importer(815301076,1909f56bfc062723c751e8b465ee728b)
Start importing Assets/Prefabs/Train/Trains/Train4.prefab using Guid(168d927cb29fbce4e80a9cfa0ce63a21) Importer(815301076,1909f56bfc062723c751e8b465ee728b)  -> (artifact id: 'd740f334caf76570c5cc8f66eb6d98fe') in 0.016282 seconds
  Import took 0.020906 seconds .

========================================================================
Received Import Request.
  Time since last request: 178.695873 seconds.
  path: Assets/Prefabs/Train/Trains/Train5.prefab
  artifactKey: Guid(e2e493c1867d24749bada47608e330dd) Importer(815301076,1909f56bfc062723c751e8b465ee728b)
Start importing Assets/Prefabs/Train/Trains/Train5.prefab using Guid(e2e493c1867d24749bada47608e330dd) Importer(815301076,1909f56bfc062723c751e8b465ee728b)  -> (artifact id: '16a8e1d419b8f990cebcc542801f0652') in 0.023750 seconds
  Import took 0.028698 seconds .

========================================================================
Received Import Request.
  Time since last request: 0.001444 seconds.
  path: Assets/Prefabs/Train/Trains/Train5.prefab
  artifactKey: Guid(e2e493c1867d24749bada47608e330dd) Importer(815301076,1909f56bfc062723c751e8b465ee728b)
Start importing Assets/Prefabs/Train/Trains/Train5.prefab using Guid(e2e493c1867d24749bada47608e330dd) Importer(815301076,1909f56bfc062723c751e8b465ee728b)  -> (artifact id: '16a8e1d419b8f990cebcc542801f0652') in 0.015390 seconds
  Import took 0.020073 seconds .

========================================================================
Received Import Request.
  Time since last request: 116.808659 seconds.
  path: Assets/Prefabs/Train/Trains/Train6.prefab
  artifactKey: Guid(5653b963fd2d902448718937b7feed51) Importer(815301076,1909f56bfc062723c751e8b465ee728b)
Start importing Assets/Prefabs/Train/Trains/Train6.prefab using Guid(5653b963fd2d902448718937b7feed51) Importer(815301076,1909f56bfc062723c751e8b465ee728b)  -> (artifact id: 'a42031fc6d3bde260d16bd2bc9ab32bc') in 0.023284 seconds
  Import took 0.030401 seconds .

========================================================================
Received Prepare
Registering precompiled user dll's ...
Registered in 0.002393 seconds.
Begin MonoManager ReloadAssembly
Native extension for WindowsStandalone target not found
Native extension for WebGL target not found
Refreshing native plugins compatible for Editor in 0.73 ms, found 3 plugins.
Preloading 1 native plugins for Editor in 0.11 ms.
NullReferenceException: Object reference not set to an instance of an object
  at Unity.XR.Oculus.OculusLoader.AssetPathToAbsolutePath (System.String assetPath) [0x0004c] in E:\GitHub\TrainServiceSimulation_DR-Absolut_SS2021\TrainServiceSimulation_DR-Absolut_SS2021\Library\PackageCache\com.unity.xr.oculus@1.9.1\Runtime\OculusLoader.cs:249 
  at Unity.XR.Oculus.OculusLoader.EditorLoadOVRPlugin () [0x000b0] in E:\GitHub\TrainServiceSimulation_DR-Absolut_SS2021\TrainServiceSimulation_DR-Absolut_SS2021\Library\PackageCache\com.unity.xr.oculus@1.9.1\Runtime\OculusLoader.cs:234 

(Filename: Library/PackageCache/com.unity.xr.oculus@1.9.1/Runtime/OculusLoader.cs Line: 249)

Mono: successfully reloaded assembly
- Completed reload, in  1.294 seconds
Platform modules already initialized, skipping
Refreshing native plugins compatible for Editor in 0.90 ms, found 3 plugins.
Preloading 1 native plugins for Editor in 0.11 ms.
Unloading 2513 Unused Serialized files (Serialized files now loaded: 0)
System memory in use before: 107.9 MB.
System memory in use after: 108.1 MB.

Unloading 7 unused Assets to reduce memory usage. Loaded Objects now: 3014.
Total: 4.572100 ms (FindLiveObjects: 0.559700 ms CreateObjectMapping: 0.141400 ms MarkObjects: 3.750500 ms  DeleteObjects: 0.118700 ms)

========================================================================
Received Prepare
Registering precompiled user dll's ...
Registered in 0.002275 seconds.
Begin MonoManager ReloadAssembly
Native extension for WindowsStandalone target not found
Native extension for WebGL target not found
Refreshing native plugins compatible for Editor in 0.66 ms, found 3 plugins.
Preloading 1 native plugins for Editor in 0.09 ms.
NullReferenceException: Object reference not set to an instance of an object
  at Unity.XR.Oculus.OculusLoader.AssetPathToAbsolutePath (System.String assetPath) [0x0004c] in E:\GitHub\TrainServiceSimulation_DR-Absolut_SS2021\TrainServiceSimulation_DR-Absolut_SS2021\Library\PackageCache\com.unity.xr.oculus@1.9.1\Runtime\OculusLoader.cs:249 
  at Unity.XR.Oculus.OculusLoader.EditorLoadOVRPlugin () [0x000b0] in E:\GitHub\TrainServiceSimulation_DR-Absolut_SS2021\TrainServiceSimulation_DR-Absolut_SS2021\Library\PackageCache\com.unity.xr.oculus@1.9.1\Runtime\OculusLoader.cs:234 

(Filename: Library/PackageCache/com.unity.xr.oculus@1.9.1/Runtime/OculusLoader.cs Line: 249)

Mono: successfully reloaded assembly
- Completed reload, in  1.242 seconds
Platform modules already initialized, skipping
Refreshing native plugins compatible for Editor in 0.76 ms, found 3 plugins.
Preloading 1 native plugins for Editor in 0.09 ms.
Unloading 2513 Unused Serialized files (Serialized files now loaded: 0)
System memory in use before: 108.0 MB.
System memory in use after: 108.2 MB.

Unloading 7 unused Assets to reduce memory usage. Loaded Objects now: 3018.
Total: 3.026800 ms (FindLiveObjects: 0.333200 ms CreateObjectMapping: 0.074000 ms MarkObjects: 2.512500 ms  DeleteObjects: 0.105500 ms)

========================================================================
Received Prepare
Registering precompiled user dll's ...
Registered in 0.002486 seconds.
Begin MonoManager ReloadAssembly
Native extension for WindowsStandalone target not found
Native extension for WebGL target not found
Refreshing native plugins compatible for Editor in 0.76 ms, found 3 plugins.
Preloading 1 native plugins for Editor in 0.11 ms.
NullReferenceException: Object reference not set to an instance of an object
  at Unity.XR.Oculus.OculusLoader.AssetPathToAbsolutePath (System.String assetPath) [0x0004c] in E:\GitHub\TrainServiceSimulation_DR-Absolut_SS2021\TrainServiceSimulation_DR-Absolut_SS2021\Library\PackageCache\com.unity.xr.oculus@1.9.1\Runtime\OculusLoader.cs:249 
  at Unity.XR.Oculus.OculusLoader.EditorLoadOVRPlugin () [0x000b0] in E:\GitHub\TrainServiceSimulation_DR-Absolut_SS2021\TrainServiceSimulation_DR-Absolut_SS2021\Library\PackageCache\com.unity.xr.oculus@1.9.1\Runtime\OculusLoader.cs:234 

(Filename: Library/PackageCache/com.unity.xr.oculus@1.9.1/Runtime/OculusLoader.cs Line: 249)

Mono: successfully reloaded assembly
- Completed reload, in  1.254 seconds
Platform modules already initialized, skipping
Refreshing native plugins compatible for Editor in 0.73 ms, found 3 plugins.
Preloading 1 native plugins for Editor in 0.10 ms.
Unloading 2513 Unused Serialized files (Serialized files now loaded: 0)
System memory in use before: 108.0 MB.
System memory in use after: 108.2 MB.

Unloading 7 unused Assets to reduce memory usage. Loaded Objects now: 3022.
Total: 3.330700 ms (FindLiveObjects: 0.338500 ms CreateObjectMapping: 0.079700 ms MarkObjects: 2.808100 ms  DeleteObjects: 0.103000 ms)

========================================================================
Received Prepare
Registering precompiled user dll's ...
Registered in 0.002533 seconds.
Begin MonoManager ReloadAssembly
Native extension for WindowsStandalone target not found
Native extension for WebGL target not found
Refreshing native plugins compatible for Editor in 0.72 ms, found 3 plugins.
Preloading 1 native plugins for Editor in 0.11 ms.
NullReferenceException: Object reference not set to an instance of an object
  at Unity.XR.Oculus.OculusLoader.AssetPathToAbsolutePath (System.String assetPath) [0x0004c] in E:\GitHub\TrainServiceSimulation_DR-Absolut_SS2021\TrainServiceSimulation_DR-Absolut_SS2021\Library\PackageCache\com.unity.xr.oculus@1.9.1\Runtime\OculusLoader.cs:249 
  at Unity.XR.Oculus.OculusLoader.EditorLoadOVRPlugin () [0x000b0] in E:\GitHub\TrainServiceSimulation_DR-Absolut_SS2021\TrainServiceSimulation_DR-Absolut_SS2021\Library\PackageCache\com.unity.xr.oculus@1.9.1\Runtime\OculusLoader.cs:234 

(Filename: Library/PackageCache/com.unity.xr.oculus@1.9.1/Runtime/OculusLoader.cs Line: 249)

Mono: successfully reloaded assembly
- Completed reload, in  1.258 seconds
Platform modules already initialized, skipping
Refreshing native plugins compatible for Editor in 0.69 ms, found 3 plugins.
Preloading 1 native plugins for Editor in 0.09 ms.
Unloading 2513 Unused Serialized files (Serialized files now loaded: 0)
System memory in use before: 108.1 MB.
System memory in use after: 108.2 MB.

Unloading 7 unused Assets to reduce memory usage. Loaded Objects now: 3026.
Total: 3.459300 ms (FindLiveObjects: 0.356200 ms CreateObjectMapping: 0.076500 ms MarkObjects: 2.911600 ms  DeleteObjects: 0.113400 ms)

========================================================================
Received Prepare
Registering precompiled user dll's ...
Registered in 0.002322 seconds.
Begin MonoManager ReloadAssembly
Native extension for WindowsStandalone target not found
Native extension for WebGL target not found
Refreshing native plugins compatible for Editor in 0.83 ms, found 3 plugins.
Preloading 1 native plugins for Editor in 0.10 ms.
NullReferenceException: Object reference not set to an instance of an object
  at Unity.XR.Oculus.OculusLoader.AssetPathToAbsolutePath (System.String assetPath) [0x0004c] in E:\GitHub\TrainServiceSimulation_DR-Absolut_SS2021\TrainServiceSimulation_DR-Absolut_SS2021\Library\PackageCache\com.unity.xr.oculus@1.9.1\Runtime\OculusLoader.cs:249 
  at Unity.XR.Oculus.OculusLoader.EditorLoadOVRPlugin () [0x000b0] in E:\GitHub\TrainServiceSimulation_DR-Absolut_SS2021\TrainServiceSimulation_DR-Absolut_SS2021\Library\PackageCache\com.unity.xr.oculus@1.9.1\Runtime\OculusLoader.cs:234 

(Filename: Library/PackageCache/com.unity.xr.oculus@1.9.1/Runtime/OculusLoader.cs Line: 249)

Mono: successfully reloaded assembly
- Completed reload, in  1.245 seconds
Platform modules already initialized, skipping
Refreshing native plugins compatible for Editor in 0.72 ms, found 3 plugins.
Preloading 1 native plugins for Editor in 0.10 ms.
Unloading 2513 Unused Serialized files (Serialized files now loaded: 0)
System memory in use before: 108.1 MB.
System memory in use after: 108.2 MB.

Unloading 7 unused Assets to reduce memory usage. Loaded Objects now: 3030.
Total: 3.186100 ms (FindLiveObjects: 0.458400 ms CreateObjectMapping: 0.079800 ms MarkObjects: 2.542400 ms  DeleteObjects: 0.104000 ms)

========================================================================
Received Prepare
Registering precompiled user dll's ...
Registered in 0.002419 seconds.
Begin MonoManager ReloadAssembly
Native extension for WindowsStandalone target not found
Native extension for WebGL target not found
Refreshing native plugins compatible for Editor in 0.72 ms, found 3 plugins.
Preloading 1 native plugins for Editor in 0.10 ms.
NullReferenceException: Object reference not set to an instance of an object
  at Unity.XR.Oculus.OculusLoader.AssetPathToAbsolutePath (System.String assetPath) [0x0004c] in E:\GitHub\TrainServiceSimulation_DR-Absolut_SS2021\TrainServiceSimulation_DR-Absolut_SS2021\Library\PackageCache\com.unity.xr.oculus@1.9.1\Runtime\OculusLoader.cs:249 
  at Unity.XR.Oculus.OculusLoader.EditorLoadOVRPlugin () [0x000b0] in E:\GitHub\TrainServiceSimulation_DR-Absolut_SS2021\TrainServiceSimulation_DR-Absolut_SS2021\Library\PackageCache\com.unity.xr.oculus@1.9.1\Runtime\OculusLoader.cs:234 

(Filename: Library/PackageCache/com.unity.xr.oculus@1.9.1/Runtime/OculusLoader.cs Line: 249)

Mono: successfully reloaded assembly
- Completed reload, in  1.240 seconds
Platform modules already initialized, skipping
Refreshing native plugins compatible for Editor in 0.68 ms, found 3 plugins.
Preloading 1 native plugins for Editor in 0.08 ms.
Unloading 2513 Unused Serialized files (Serialized files now loaded: 0)
System memory in use before: 108.1 MB.
System memory in use after: 108.3 MB.

Unloading 7 unused Assets to reduce memory usage. Loaded Objects now: 3034.
Total: 2.869600 ms (FindLiveObjects: 0.337500 ms CreateObjectMapping: 0.081100 ms MarkObjects: 2.356000 ms  DeleteObjects: 0.093900 ms)

========================================================================
Received Prepare
Registering precompiled user dll's ...
Registered in 0.002268 seconds.
Begin MonoManager ReloadAssembly
Native extension for WindowsStandalone target not found
Native extension for WebGL target not found
Refreshing native plugins compatible for Editor in 0.94 ms, found 3 plugins.
Preloading 1 native plugins for Editor in 0.11 ms.
NullReferenceException: Object reference not set to an instance of an object
  at Unity.XR.Oculus.OculusLoader.AssetPathToAbsolutePath (System.String assetPath) [0x0004c] in E:\GitHub\TrainServiceSimulation_DR-Absolut_SS2021\TrainServiceSimulation_DR-Absolut_SS2021\Library\PackageCache\com.unity.xr.oculus@1.9.1\Runtime\OculusLoader.cs:249 
  at Unity.XR.Oculus.OculusLoader.EditorLoadOVRPlugin () [0x000b0] in E:\GitHub\TrainServiceSimulation_DR-Absolut_SS2021\TrainServiceSimulation_DR-Absolut_SS2021\Library\PackageCache\com.unity.xr.oculus@1.9.1\Runtime\OculusLoader.cs:234 

(Filename: Library/PackageCache/com.unity.xr.oculus@1.9.1/Runtime/OculusLoader.cs Line: 249)

Mono: successfully reloaded assembly
- Completed reload, in  1.245 seconds
Platform modules already initialized, skipping
Refreshing native plugins compatible for Editor in 0.72 ms, found 3 plugins.
Preloading 1 native plugins for Editor in 0.09 ms.
Unloading 2513 Unused Serialized files (Serialized files now loaded: 0)
System memory in use before: 108.1 MB.
System memory in use after: 108.3 MB.

Unloading 7 unused Assets to reduce memory usage. Loaded Objects now: 3038.
Total: 3.271200 ms (FindLiveObjects: 0.372100 ms CreateObjectMapping: 0.077900 ms MarkObjects: 2.720900 ms  DeleteObjects: 0.098300 ms)

========================================================================
Received Import Request.
  Time since last request: 935.639659 seconds.
  path: Assets/Prefabs/Player/XR Rig.prefab
  artifactKey: Guid(6cdee7fd8bb910d47a3d82ab4bebdc9e) Importer(815301076,1909f56bfc062723c751e8b465ee728b)
Start importing Assets/Prefabs/Player/XR Rig.prefab using Guid(6cdee7fd8bb910d47a3d82ab4bebdc9e) Importer(815301076,1909f56bfc062723c751e8b465ee728b)  -> (artifact id: '61abdf9e738b11dff456c2f72500bc62') in 0.408227 seconds
  Import took 0.414547 seconds .

========================================================================
Received Import Request.
  Time since last request: 244.901011 seconds.
  path: Assets/Prefabs/Player/XR Rig.prefab
  artifactKey: Guid(6cdee7fd8bb910d47a3d82ab4bebdc9e) Importer(815301076,1909f56bfc062723c751e8b465ee728b)
Start importing Assets/Prefabs/Player/XR Rig.prefab using Guid(6cdee7fd8bb910d47a3d82ab4bebdc9e) Importer(815301076,1909f56bfc062723c751e8b465ee728b)  -> (artifact id: '514f767fbc685d0f949d99275b433f99') in 0.032708 seconds
  Import took 0.040099 seconds .

========================================================================
Received Import Request.
  Time since last request: 0.096323 seconds.
  path: Assets/Prefabs/Player/XR Rig.prefab
  artifactKey: Guid(6cdee7fd8bb910d47a3d82ab4bebdc9e) Importer(815301076,1909f56bfc062723c751e8b465ee728b)
Start importing Assets/Prefabs/Player/XR Rig.prefab using Guid(6cdee7fd8bb910d47a3d82ab4bebdc9e) Importer(815301076,1909f56bfc062723c751e8b465ee728b)  -> (artifact id: '514f767fbc685d0f949d99275b433f99') in 0.036808 seconds
  Import took 0.042358 seconds .

========================================================================
Received Prepare
Registering precompiled user dll's ...
Registered in 0.002533 seconds.
Begin MonoManager ReloadAssembly
Native extension for WindowsStandalone target not found
Native extension for WebGL target not found
Refreshing native plugins compatible for Editor in 0.70 ms, found 3 plugins.
Preloading 1 native plugins for Editor in 0.10 ms.
NullReferenceException: Object reference not set to an instance of an object
  at Unity.XR.Oculus.OculusLoader.AssetPathToAbsolutePath (System.String assetPath) [0x0004c] in E:\GitHub\TrainServiceSimulation_DR-Absolut_SS2021\TrainServiceSimulation_DR-Absolut_SS2021\Library\PackageCache\com.unity.xr.oculus@1.9.1\Runtime\OculusLoader.cs:249 
  at Unity.XR.Oculus.OculusLoader.EditorLoadOVRPlugin () [0x000b0] in E:\GitHub\TrainServiceSimulation_DR-Absolut_SS2021\TrainServiceSimulation_DR-Absolut_SS2021\Library\PackageCache\com.unity.xr.oculus@1.9.1\Runtime\OculusLoader.cs:234 

(Filename: Library/PackageCache/com.unity.xr.oculus@1.9.1/Runtime/OculusLoader.cs Line: 249)

Mono: successfully reloaded assembly
- Completed reload, in  1.255 seconds
Platform modules already initialized, skipping
Refreshing native plugins compatible for Editor in 0.68 ms, found 3 plugins.
Preloading 1 native plugins for Editor in 0.09 ms.
Unloading 2513 Unused Serialized files (Serialized files now loaded: 0)
System memory in use before: 108.2 MB.
System memory in use after: 108.4 MB.

Unloading 10 unused Assets to reduce memory usage. Loaded Objects now: 3044.
Total: 3.506000 ms (FindLiveObjects: 0.453900 ms CreateObjectMapping: 0.080400 ms MarkObjects: 2.854700 ms  DeleteObjects: 0.115100 ms)

========================================================================
Received Import Request.
  Time since last request: 517.298995 seconds.
  path: Assets/Prefabs/Player/LeftHand.prefab
  artifactKey: Guid(9b98a966da1850344a79406b5b66501d) Importer(815301076,1909f56bfc062723c751e8b465ee728b)
Start importing Assets/Prefabs/Player/LeftHand.prefab using Guid(9b98a966da1850344a79406b5b66501d) Importer(815301076,1909f56bfc062723c751e8b465ee728b)  -> (artifact id: '1c407f60afb3c33c04131ff7b2bdbb8b') in 0.431261 seconds
  Import took 0.436901 seconds .

========================================================================
Received Import Request.
  Time since last request: 1.763076 seconds.
  path: Assets/Prefabs/Player/RightHand.prefab
  artifactKey: Guid(8ebebc1b3d9945f49be1c2e55a8aba56) Importer(815301076,1909f56bfc062723c751e8b465ee728b)
Start importing Assets/Prefabs/Player/RightHand.prefab using Guid(8ebebc1b3d9945f49be1c2e55a8aba56) Importer(815301076,1909f56bfc062723c751e8b465ee728b)  -> (artifact id: 'f46706c0f24bf0440216bf46e274346c') in 0.023912 seconds
  Import took 0.030923 seconds .

========================================================================
Received Import Request.
  Time since last request: 0.023686 seconds.
  path: Assets/Prefabs/Player/RightHand.prefab
  artifactKey: Guid(8ebebc1b3d9945f49be1c2e55a8aba56) Importer(815301076,1909f56bfc062723c751e8b465ee728b)
Start importing Assets/Prefabs/Player/RightHand.prefab using Guid(8ebebc1b3d9945f49be1c2e55a8aba56) Importer(815301076,1909f56bfc062723c751e8b465ee728b)  -> (artifact id: 'f46706c0f24bf0440216bf46e274346c') in 0.013691 seconds
  Import took 0.018505 seconds .

========================================================================
Received Import Request.
  Time since last request: 6.127080 seconds.
  path: Assets/Prefabs/Player/RightHand.prefab
  artifactKey: Guid(8ebebc1b3d9945f49be1c2e55a8aba56) Importer(815301076,1909f56bfc062723c751e8b465ee728b)
Start importing Assets/Prefabs/Player/RightHand.prefab using Guid(8ebebc1b3d9945f49be1c2e55a8aba56) Importer(815301076,1909f56bfc062723c751e8b465ee728b)  -> (artifact id: '85d551d7485fe89081fda52182ea53da') in 0.013850 seconds
  Import took 0.018989 seconds .

========================================================================
Received Import Request.
  Time since last request: 6.885219 seconds.
  path: Assets/Prefabs/Player/LeftHand.prefab
  artifactKey: Guid(9b98a966da1850344a79406b5b66501d) Importer(815301076,1909f56bfc062723c751e8b465ee728b)
Start importing Assets/Prefabs/Player/LeftHand.prefab using Guid(9b98a966da1850344a79406b5b66501d) Importer(815301076,1909f56bfc062723c751e8b465ee728b)  -> (artifact id: 'd4e261b5c4c4568f5491a63ac03c0364') in 0.014962 seconds
  Import took 0.020345 seconds .

========================================================================
Received Prepare
Registering precompiled user dll's ...
Registered in 0.002390 seconds.
Begin MonoManager ReloadAssembly
Native extension for WindowsStandalone target not found
Native extension for WebGL target not found
Refreshing native plugins compatible for Editor in 0.77 ms, found 3 plugins.
Preloading 1 native plugins for Editor in 0.14 ms.
NullReferenceException: Object reference not set to an instance of an object
  at Unity.XR.Oculus.OculusLoader.AssetPathToAbsolutePath (System.String assetPath) [0x0004c] in E:\GitHub\TrainServiceSimulation_DR-Absolut_SS2021\TrainServiceSimulation_DR-Absolut_SS2021\Library\PackageCache\com.unity.xr.oculus@1.9.1\Runtime\OculusLoader.cs:249 
  at Unity.XR.Oculus.OculusLoader.EditorLoadOVRPlugin () [0x000b0] in E:\GitHub\TrainServiceSimulation_DR-Absolut_SS2021\TrainServiceSimulation_DR-Absolut_SS2021\Library\PackageCache\com.unity.xr.oculus@1.9.1\Runtime\OculusLoader.cs:234 

(Filename: Library/PackageCache/com.unity.xr.oculus@1.9.1/Runtime/OculusLoader.cs Line: 249)

Mono: successfully reloaded assembly
- Completed reload, in  1.244 seconds
Platform modules already initialized, skipping
Refreshing native plugins compatible for Editor in 0.72 ms, found 3 plugins.
Preloading 1 native plugins for Editor in 0.08 ms.
Unloading 2513 Unused Serialized files (Serialized files now loaded: 0)
System memory in use before: 121.8 MB.
System memory in use after: 122.0 MB.

Unloading 7 unused Assets to reduce memory usage. Loaded Objects now: 3050.
Total: 3.309600 ms (FindLiveObjects: 0.466700 ms CreateObjectMapping: 0.084800 ms MarkObjects: 2.665200 ms  DeleteObjects: 0.091200 ms)

========================================================================
Received Import Request.
  Time since last request: 1502.994201 seconds.
  path: Assets/Sounds
  artifactKey: Guid(6aa02bcd2b4206e4db04bb0083578758) Importer(815301076,1909f56bfc062723c751e8b465ee728b)
Start importing Assets/Sounds using Guid(6aa02bcd2b4206e4db04bb0083578758) Importer(815301076,1909f56bfc062723c751e8b465ee728b)  -> (artifact id: 'c00fb94b6c674dc7df26831aadd544a2') in 0.013798 seconds
  Import took 0.019101 seconds .

========================================================================
Received Import Request.
  Time since last request: 27.734587 seconds.
  path: Assets/Sounds/train-electric.flac
  artifactKey: Guid(ce36867d3102eb14b9f663095d315673) Importer(815301076,1909f56bfc062723c751e8b465ee728b)
Start importing Assets/Sounds/train-electric.flac using Guid(ce36867d3102eb14b9f663095d315673) Importer(815301076,1909f56bfc062723c751e8b465ee728b)  -> (artifact id: '01afa5bf961aba76cd80f811d33dcd94') in 0.121091 seconds
  Import took 0.125507 seconds .

========================================================================
Received Import Request.
  Time since last request: 0.175041 seconds.
  path: Assets/Sounds/train-quality.wav
  artifactKey: Guid(90d818a86dc4f7c4cb3e54990d50427c) Importer(815301076,1909f56bfc062723c751e8b465ee728b)
Start importing Assets/Sounds/train-quality.wav using Guid(90d818a86dc4f7c4cb3e54990d50427c) Importer(815301076,1909f56bfc062723c751e8b465ee728b)  -> (artifact id: '37fe8437bc6c946094fa4d93149b094e') in 0.017389 seconds
  Import took 0.023844 seconds .

========================================================================
Received Import Request.
  Time since last request: 4.884046 seconds.
  path: Assets/Prefabs/Hall/Bay/Bay.prefab
  artifactKey: Guid(443287d7fff74504d8b9a51d8f90bc6f) Importer(815301076,1909f56bfc062723c751e8b465ee728b)
Start importing Assets/Prefabs/Hall/Bay/Bay.prefab using Guid(443287d7fff74504d8b9a51d8f90bc6f) Importer(815301076,1909f56bfc062723c751e8b465ee728b)  -> (artifact id: '1dda698de0210f36ace46012a848fb6a') in 0.079648 seconds
  Import took 0.084511 seconds .

========================================================================
Received Import Request.
  Time since last request: 6.674371 seconds.
  path: Assets/Prefabs/Hall/Bay/Bay.prefab
  artifactKey: Guid(443287d7fff74504d8b9a51d8f90bc6f) Importer(815301076,1909f56bfc062723c751e8b465ee728b)
Start importing Assets/Prefabs/Hall/Bay/Bay.prefab using Guid(443287d7fff74504d8b9a51d8f90bc6f) Importer(815301076,1909f56bfc062723c751e8b465ee728b)  -> (artifact id: '4ff9a3840d2ca272d09f8e307780cd6e') in 0.015990 seconds
  Import took 0.020952 seconds .

========================================================================
Received Import Request.
  Time since last request: 18.209510 seconds.
  path: Assets/Prefabs/Hall/Bay/Bay.prefab
  artifactKey: Guid(443287d7fff74504d8b9a51d8f90bc6f) Importer(815301076,1909f56bfc062723c751e8b465ee728b)
Start importing Assets/Prefabs/Hall/Bay/Bay.prefab using Guid(443287d7fff74504d8b9a51d8f90bc6f) Importer(815301076,1909f56bfc062723c751e8b465ee728b)  -> (artifact id: '4261ef588893d9fa19213346ee6bf885') in 0.013303 seconds
  Import took 0.019966 seconds .

========================================================================
Received Import Request.
  Time since last request: 657.844042 seconds.
  path: Assets/Scripts/Player/ActivateDashboard.cs
  artifactKey: Guid(1c57007960172bc40970acc67ea2a5e5) Importer(815301076,1909f56bfc062723c751e8b465ee728b)
Start importing Assets/Scripts/Player/ActivateDashboard.cs using Guid(1c57007960172bc40970acc67ea2a5e5) Importer(815301076,1909f56bfc062723c751e8b465ee728b)  -> (artifact id: '55088e25050c0bbefc1a83676631e09f') in 0.012038 seconds
  Import took 0.017162 seconds .

========================================================================
Received Prepare
Registering precompiled user dll's ...
Registered in 0.002577 seconds.
Begin MonoManager ReloadAssembly
Native extension for WindowsStandalone target not found
Native extension for WebGL target not found
Refreshing native plugins compatible for Editor in 0.84 ms, found 3 plugins.
Preloading 1 native plugins for Editor in 0.10 ms.
NullReferenceException: Object reference not set to an instance of an object
  at Unity.XR.Oculus.OculusLoader.AssetPathToAbsolutePath (System.String assetPath) [0x0004c] in E:\GitHub\TrainServiceSimulation_DR-Absolut_SS2021\TrainServiceSimulation_DR-Absolut_SS2021\Library\PackageCache\com.unity.xr.oculus@1.9.1\Runtime\OculusLoader.cs:249 
  at Unity.XR.Oculus.OculusLoader.EditorLoadOVRPlugin () [0x000b0] in E:\GitHub\TrainServiceSimulation_DR-Absolut_SS2021\TrainServiceSimulation_DR-Absolut_SS2021\Library\PackageCache\com.unity.xr.oculus@1.9.1\Runtime\OculusLoader.cs:234 

(Filename: Library/PackageCache/com.unity.xr.oculus@1.9.1/Runtime/OculusLoader.cs Line: 249)

Mono: successfully reloaded assembly
- Completed reload, in  1.355 seconds
Platform modules already initialized, skipping
Refreshing native plugins compatible for Editor in 0.66 ms, found 3 plugins.
Preloading 1 native plugins for Editor in 0.08 ms.
Unloading 2514 Unused Serialized files (Serialized files now loaded: 0)
System memory in use before: 122.0 MB.
System memory in use after: 122.2 MB.

Unloading 7 unused Assets to reduce memory usage. Loaded Objects now: 3059.
Total: 3.468800 ms (FindLiveObjects: 0.437800 ms CreateObjectMapping: 0.108800 ms MarkObjects: 2.819500 ms  DeleteObjects: 0.101100 ms)

AssetImportWorkerClient::OnTransportError - code=2 error=End of file
